\BOOKMARK [0][-]{chapter.1}{Introduction}{}% 1
\BOOKMARK [0][-]{chapter.2}{Etat de l'art}{}% 2
\BOOKMARK [1][-]{section.2.1}{Documentation 3D}{chapter.2}% 3
\BOOKMARK [2][-]{subsection.2.1.1}{Scanner tridimensionnels}{section.2.1}% 4
\BOOKMARK [1][-]{section.2.2}{Th\351orie pr\351liminaire}{chapter.2}% 5
\BOOKMARK [2][-]{subsection.2.2.1}{RANSAC}{section.2.2}% 6
\BOOKMARK [2][-]{subsection.2.2.2}{M\351thode de Newton}{section.2.2}% 7
\BOOKMARK [2][-]{subsection.2.2.3}{Analyse procust\351enne g\351n\351ralis\351e}{section.2.2}% 8
\BOOKMARK [1][-]{section.2.3}{Recalage}{chapter.2}% 9
\BOOKMARK [1][-]{section.2.4}{Iterative Closest Point}{chapter.2}% 10
\BOOKMARK [2][-]{subsection.2.4.1}{Calcul de la transformation par quaternions}{section.2.4}% 11
\BOOKMARK [2][-]{subsection.2.4.2}{Version simultan\351e de l'ICP}{section.2.4}% 12
\BOOKMARK [2][-]{subsection.2.4.3}{ICP g\351n\351ralis\351}{section.2.4}% 13
\BOOKMARK [1][-]{section.2.5}{4-Points Congruent Sets}{chapter.2}% 14
\BOOKMARK [1][-]{section.2.6}{Normal Distributions Transform}{chapter.2}% 15
\BOOKMARK [1][-]{section.2.7}{Extended Gaussian Images}{chapter.2}% 16
\BOOKMARK [2][-]{subsection.2.7.1}{Application sur le recalage de nuages de points}{section.2.7}% 17
\BOOKMARK [1][-]{section.2.8}{Photogramm\351trie}{chapter.2}% 18
\BOOKMARK [2][-]{subsection.2.8.1}{Optique}{section.2.8}% 19
\BOOKMARK [2][-]{subsection.2.8.2}{Mod\350le pin-hole}{section.2.8}% 20
\BOOKMARK [2][-]{subsection.2.8.3}{Calibrage}{section.2.8}% 21
\BOOKMARK [2][-]{subsection.2.8.4}{Probl\350me de correspondance}{section.2.8}% 22
\BOOKMARK [2][-]{subsection.2.8.5}{Reconstruction 3D}{section.2.8}% 23
\BOOKMARK [2][-]{subsection.2.8.6}{Combination photo-nuage de points}{section.2.8}% 24
\BOOKMARK [0][-]{chapter.3}{Projet pr\351vu pour le m\351moire}{}% 25
